<?xml version="1.0" encoding="UTF-8"?>
<!-- Generated by org.testng.reporters.JUnitXMLReporter -->
<testsuite ignored="1" hostname="XD-KUMARAR-CNT" failures="0" tests="1" name="Default test" time="355.758" errors="0" timestamp="2024-06-20T12:48:38 IST">
  <testcase classname="Runner_Sprint_40.Runner" name="EPICPLTFRM_2053" time="351.946"/>
  <testcase classname="Runner_Sprint_40.Runner" name="EPICPLTFRM_1978" time="0.0">
    <ignored/>
  </testcase> <!-- EPICPLTFRM_1978 -->
</testsuite> <!-- Default test -->
