<?xml version="1.0" encoding="UTF-8"?>
<testng-results ignored="1" total="2" passed="1" failed="0" skipped="0">
  <reporter-output>
  </reporter-output>
  <suite started-at="2024-06-20T12:42:42 IST" name="Default suite" finished-at="2024-06-20T12:48:38 IST" duration-ms="355758">
    <groups>
    </groups>
    <test started-at="2024-06-20T12:42:42 IST" name="Default test" finished-at="2024-06-20T12:48:38 IST" duration-ms="355758">
      <class name="Runner_Sprint_40.Runner">
        <test-method is-config="true" signature="extentReportInitialization()[pri:0, instance:Runner_Sprint_40.Runner@3e8c3cb]" started-at="2024-06-20T12:42:42 IST" name="extentReportInitialization" finished-at="2024-06-20T12:42:42 IST" duration-ms="406" status="PASS">
          <reporter-output>
          </reporter-output>
        </test-method> <!-- extentReportInitialization -->
        <test-method is-config="true" signature="BrowserLaunch()[pri:0, instance:Runner_Sprint_40.Runner@3e8c3cb]" started-at="2024-06-20T12:42:42 IST" name="BrowserLaunch" finished-at="2024-06-20T12:42:46 IST" duration-ms="3361" status="PASS">
          <reporter-output>
          </reporter-output>
        </test-method> <!-- BrowserLaunch -->
        <test-method signature="EPICPLTFRM_2053()[pri:0, instance:Runner_Sprint_40.Runner@3e8c3cb]" started-at="2024-06-20T12:42:46 IST" name="EPICPLTFRM_2053" finished-at="2024-06-20T12:48:38 IST" duration-ms="351946" status="PASS">
          <reporter-output>
          </reporter-output>
        </test-method> <!-- EPICPLTFRM_2053 -->
      </class> <!-- Runner_Sprint_40.Runner -->
    </test> <!-- Default test -->
  </suite> <!-- Default suite -->
</testng-results>
